  main.cpp
  ProcBuffers.cpp
ProcBuffers.cpp(360): warning C4101: 'ch' :참조되지 않은 지역 변수입니다.
  RTIVA.cpp
  sigproc.cpp
sigproc.cpp(251): warning C4838: 'std::size_t'에서 'long'(으)로의 변환에는 축소 변환이 필요합니다.
  SNMF.cpp
CL : warning : use of OpenMP disabled; compiler support for OpenMP 3.1+ not detected
SNMF.cpp(166): warning C4101: 'j' :참조되지 않은 지역 변수입니다.
SNMF.cpp(382): warning C4244: '인수': 'time_t'에서 'unsigned int'(으)로 변환하면서 데이터가 손실될 수 있습니다.
SNMF.cpp(397): warning C4244: '인수': 'double'에서 'int'(으)로 변환하면서 데이터가 손실될 수 있습니다.
SNMF.cpp(574): warning C4244: '인수': 'time_t'에서 'unsigned int'(으)로 변환하면서 데이터가 손실될 수 있습니다.
SNMF.cpp(958): warning C4244: '초기화 중': 'double'에서 'int'(으)로 변환하면서 데이터가 손실될 수 있습니다.
SNMF.cpp(1187): warning C4244: '인수': 'time_t'에서 'unsigned int'(으)로 변환하면서 데이터가 손실될 수 있습니다.
SNMF.cpp(1185): warning C4101: 'random' :참조되지 않은 지역 변수입니다.
  stft.cpp
  tools.cpp
  VAD.cpp
  코드를 생성하고 있습니다.
  899 of 909 functions (98.9%) were compiled, the rest were copied from previous compilation.
    28 functions were new in current compilation
    0 functions had inline decision re-evaluated but remain unchanged
  코드를 생성했습니다.
  AI_project.vcxproj -> F:\Projects\AI\Code\AI_project\x64\Release\AI_project.exe
  AI_project.vcxproj -> F:\Projects\AI\Code\AI_project\x64\Release\AI_project.pdb (Full PDB)
